mkdir -p build/gcc/obj
- Building build/gcc/obj/custom/config/custom_sys_cfg.o
- Building build/gcc/obj/custom/config/sys_config.o
- Building build/gcc/obj/ril/src/ril_audio.o
ril/src/ril_audio.c: In function 'RIL_AUD_SetVolume':
ril/src/ril_audio.c:116: warning: unused variable 'channel'
ril/src/ril_audio.c: At top level:
ril/src/ril_audio.c:79: warning: 's_channel_qmic' defined but not used
ril/src/ril_audio.c:303: warning: 'parse_cmd_qmic' defined but not used
- Building build/gcc/obj/ril/src/ril_custom.o
- Building build/gcc/obj/ril/src/ril_http.o
- Building build/gcc/obj/ril/src/ril_urc.o
ril/src/ril_urc.c: In function 'OnURCHandler_MQTT_OPEN':
ril/src/ril_urc.c:650: warning: passing argument 4 of 'Ql_OS_SendMessage' makes integer from pointer without a cast
include/ql_system.h:244: note: expected 'u32' but argument is of type 'struct MQTT_Urc_Param_t *'
ril/src/ril_urc.c: In function 'OnURCHandler_MQTT_CONN':
ril/src/ril_urc.c:686: warning: passing argument 4 of 'Ql_OS_SendMessage' makes integer from pointer without a cast
include/ql_system.h:244: note: expected 'u32' but argument is of type 'struct MQTT_Urc_Param_t *'
ril/src/ril_urc.c: In function 'OnURCHandler_MQTT_SUB':
ril/src/ril_urc.c:721: warning: array subscript has type 'char'
ril/src/ril_urc.c:725: warning: array subscript has type 'char'
ril/src/ril_urc.c:730: warning: passing argument 4 of 'Ql_OS_SendMessage' makes integer from pointer without a cast
include/ql_system.h:244: note: expected 'u32' but argument is of type 'struct MQTT_Urc_Param_t *'
ril/src/ril_urc.c: In function 'OnURCHandler_MQTT_PUB':
ril/src/ril_urc.c:771: warning: passing argument 4 of 'Ql_OS_SendMessage' makes integer from pointer without a cast
include/ql_system.h:244: note: expected 'u32' but argument is of type 'struct MQTT_Urc_Param_t *'
ril/src/ril_urc.c: In function 'OnURCHandler_MQTT_TUNS':
ril/src/ril_urc.c:800: warning: passing argument 4 of 'Ql_OS_SendMessage' makes integer from pointer without a cast
include/ql_system.h:244: note: expected 'u32' but argument is of type 'struct MQTT_Urc_Param_t *'
ril/src/ril_urc.c: In function 'OnURCHandler_MQTT_STATE':
ril/src/ril_urc.c:826: warning: passing argument 4 of 'Ql_OS_SendMessage' makes integer from pointer without a cast
include/ql_system.h:244: note: expected 'u32' but argument is of type 'struct MQTT_Urc_Param_t *'
ril/src/ril_urc.c: In function 'OnURCHandler_MQTT_CLOSE':
ril/src/ril_urc.c:854: warning: passing argument 4 of 'Ql_OS_SendMessage' makes integer from pointer without a cast
include/ql_system.h:244: note: expected 'u32' but argument is of type 'struct MQTT_Urc_Param_t *'
ril/src/ril_urc.c: In function 'OnURCHandler_MQTT_DISC':
ril/src/ril_urc.c:884: warning: passing argument 4 of 'Ql_OS_SendMessage' makes integer from pointer without a cast
include/ql_system.h:244: note: expected 'u32' but argument is of type 'struct MQTT_Urc_Param_t *'
- Building build/gcc/obj/ril/src/ril_atResponse.o
ril/src/ril_atResponse.c: In function 'Ql_RIL_AT_SetErrCode':
ril/src/ril_atResponse.c:50: warning: control reaches end of non-void function
- Building build/gcc/obj/ril/src/ril_network.o
ril/src/ril_network.c: In function 'ATResponse_CREG_Handler':
ril/src/ril_network.c:77: warning: pointer targets in passing argument 1 of 'RIL_Parse_value' differ in signedness
ril/inc/ril_network.h:270: note: expected 's8 *' but argument is of type 'char *'
ril/src/ril_network.c: In function 'ATResponse_CGREG_Handler':
ril/src/ril_network.c:169: warning: pointer targets in passing argument 1 of 'RIL_Parse_value' differ in signedness
ril/inc/ril_network.h:270: note: expected 's8 *' but argument is of type 'char *'
ril/src/ril_network.c: In function 'ATResponse_CSQ_Handler':
ril/src/ril_network.c:261: warning: pointer targets in passing argument 1 of 'RIL_Parse_value' differ in signedness
ril/inc/ril_network.h:270: note: expected 's8 *' but argument is of type 'char *'
ril/src/ril_network.c: In function 'ATRsp_COPS_Handler':
ril/src/ril_network.c:512: warning: unused variable 'str'
- Building build/gcc/obj/ril/src/ril_location.o
ril/src/ril_location.c: In function 'ATResponse_GetLocation_Ex_Handler':
ril/src/ril_location.c:78: warning: unused variable 'p2'
ril/src/ril_location.c:77: warning: unused variable 'p1'
ril/src/ril_location.c: In function 'OnURCHandler_QCELLLocation':
ril/src/ril_location.c:176: warning: assignment discards qualifiers from pointer target type
ril/src/ril_location.c:177: warning: pointer targets in passing argument 1 of 'Ql_strstr' differ in signedness
include/ql_stdlib.h:55: note: expected 'const char *' but argument is of type 'u8 *'
- Building build/gcc/obj/ril/src/ril_ntp.o
ril/src/ril_ntp.c: In function 'OnURCHandler_NTPCMD':
ril/src/ril_ntp.c:50: warning: passing argument 1 of 'callback_NTPCMD' discards qualifiers from pointer target type
ril/src/ril_ntp.c:50: note: expected 'char *' but argument is of type 'const char *'
- Building build/gcc/obj/ril/src/ril_telephony.o
- Building build/gcc/obj/ril/src/ril_sms.o
- Building build/gcc/obj/ril/src/ril_system.o
- Building build/gcc/obj/ril/src/Ril_dtmf.o
- Building build/gcc/obj/ril/src/ril_sim.o
ril/src/ril_sim.c: In function 'ATRsp_CCID_Handler':
ril/src/ril_sim.c:267: warning: unused variable 'str'
- Building build/gcc/obj/ril/src/ril_location2.o
ril/src/ril_location2.c: In function 'OnURCHandler_QLBS':
ril/src/ril_location2.c:117: warning: pointer targets in passing argument 1 of 'Ql_strcpy' differ in signedness
include/ql_stdlib.h:47: note: expected 'char *' but argument is of type 'u8 *'
ril/src/ril_location2.c:118: warning: pointer targets in passing argument 2 of 'Ql_StrPrefixMatch' differ in signedness
ril/inc/ril_util.h:47: note: expected 'const char *' but argument is of type 'u8 *'
ril/src/ril_location2.c:126: warning: pointer targets in passing argument 1 of 'Ql_atoi' differ in signedness
include/ql_stdlib.h:41: note: expected 'const char *' but argument is of type 'u8 *'
ril/src/ril_location2.c:131: warning: pointer targets in passing argument 1 of 'Ql_atoi' differ in signedness
include/ql_stdlib.h:41: note: expected 'const char *' but argument is of type 'u8 *'
ril/src/ril_location2.c:140: warning: pointer targets in passing argument 1 of 'Ql_atof' differ in signedness
include/ql_stdlib.h:42: note: expected 'const char *' but argument is of type 'u8 *'
ril/src/ril_location2.c:146: warning: pointer targets in passing argument 1 of 'Ql_atof' differ in signedness
include/ql_stdlib.h:42: note: expected 'const char *' but argument is of type 'u8 *'
ril/src/ril_location2.c: In function 'ATResponse_Qlbs_Ex_Handler':
ril/src/ril_location2.c:178: warning: declaration of 'loclnfo' shadows a global declaration
ril/src/ril_location2.c:104: warning: shadowed declaration is here
ril/src/ril_location2.c: In function 'RIL_QLBS_Loc_Ex':
ril/src/ril_location2.c:242: warning: pointer targets in passing argument 1 of 'Ql_strcpy' differ in signedness
include/ql_stdlib.h:47: note: expected 'char *' but argument is of type 'u8 *'
ril/src/ril_location2.c:242: warning: pointer targets in passing argument 2 of 'Ql_strcpy' differ in signedness
include/ql_stdlib.h:47: note: expected 'const char *' but argument is of type 'u8 *'
ril/src/ril_location2.c: In function 'ATResponse_Qlbs_Ex_Handler':
ril/src/ril_location2.c:200: warning: array subscript is above array bounds
ril/src/ril_location2.c: In function 'OnURCHandler_QLBS':
ril/src/ril_location2.c:153: warning: array subscript is above array bounds
- Building build/gcc/obj/ril/src/ril_gnss.o
ril/src/ril_gnss.c: In function 'ATResponse_GNSSRead_Hdlr':
ril/src/ril_gnss.c:132: warning: unused variable 'strTmp'
ril/src/ril_gnss.c:130: warning: unused variable 'p2'
ril/src/ril_gnss.c:129: warning: unused variable 'p1'
ril/src/ril_gnss.c: In function 'OnURCHandler_GNSSCMD':
ril/src/ril_gnss.c:237: warning: passing argument 1 of 'callback_GNSSCMD' discards qualifiers from pointer target type
ril/src/ril_gnss.c:237: note: expected 'char *' but argument is of type 'const char *'
ril/src/ril_gnss.c: In function 'OnURCHandler_GNSSAGPS':
ril/src/ril_gnss.c:250: warning: passing argument 1 of 'callback_GNSSAGPS' discards qualifiers from pointer target type
ril/src/ril_gnss.c:250: note: expected 'char *' but argument is of type 'const char *'
ril/src/ril_gnss.c: In function 'RIL_GNSS_Read':
ril/src/ril_gnss.c:309: warning: pointer targets in passing argument 1 of 'Ql_strlen' differ in signedness
include/ql_stdlib.h:54: note: expected 'const char *' but argument is of type 'u8 *'
ril/src/ril_gnss.c:309: warning: pointer targets in passing argument 1 of 'Ql_strncmp' differ in signedness
include/ql_stdlib.h:52: note: expected 'const char *' but argument is of type 'u8 *'
ril/src/ril_gnss.c:322: warning: pointer targets in passing argument 2 of 'Ql_strcpy' differ in signedness
include/ql_stdlib.h:47: note: expected 'const char *' but argument is of type 'u8 *'
- Building build/gcc/obj/ril/src/ril_init.o
- Building build/gcc/obj/ril/src/ril_ftp.o
- Building build/gcc/obj/ril/src/ril_alarm.o
- Building build/gcc/obj/ril/src/ril_util.o
- Building build/gcc/obj/ril/src/ril_mqtt.o
ril/src/ril_mqtt.c: In function 'RIL_MQTT_QMTSUB':
ril/src/ril_mqtt.c:179: warning: pointer targets in passing argument 1 of 'Ql_sprintf' differ in signedness
ril/src/ril_mqtt.c:179: note: expected 'char *' but argument is of type 'u8 *'
ril/src/ril_mqtt.c:183: warning: pointer targets in passing argument 1 of 'Ql_sprintf' differ in signedness
ril/src/ril_mqtt.c:183: note: expected 'char *' but argument is of type 'u8 *'
ril/src/ril_mqtt.c:185: warning: pointer targets in passing argument 1 of 'Ql_strlen' differ in signedness
include/ql_stdlib.h:54: note: expected 'const char *' but argument is of type 'u8 *'
ril/src/ril_mqtt.c:185: warning: pointer targets in passing argument 1 of 'Ql_strncat' differ in signedness
include/ql_stdlib.h:50: note: expected 'char *' but argument is of type 'u8 *'
ril/src/ril_mqtt.c:185: warning: pointer targets in passing argument 2 of 'Ql_strncat' differ in signedness
include/ql_stdlib.h:50: note: expected 'const char *' but argument is of type 'u8 *'
ril/src/ril_mqtt.c:189: warning: pointer targets in passing argument 1 of 'Ql_sprintf' differ in signedness
ril/src/ril_mqtt.c:189: note: expected 'char *' but argument is of type 'u8 *'
ril/src/ril_mqtt.c:190: warning: pointer targets in passing argument 1 of 'Ql_strlen' differ in signedness
include/ql_stdlib.h:54: note: expected 'const char *' but argument is of type 'u8 *'
ril/src/ril_mqtt.c:190: warning: pointer targets in passing argument 1 of 'Ql_RIL_SendATCmd' differ in signedness
ril/inc/ril.h:187: note: expected 'char *' but argument is of type 'u8 *'
ril/src/ril_mqtt.c: In function 'RIL_MQTT_QMTUNS':
ril/src/ril_mqtt.c:239: warning: pointer targets in passing argument 1 of 'Ql_sprintf' differ in signedness
ril/src/ril_mqtt.c:239: note: expected 'char *' but argument is of type 'u8 *'
ril/src/ril_mqtt.c:243: warning: pointer targets in passing argument 1 of 'Ql_sprintf' differ in signedness
ril/src/ril_mqtt.c:243: note: expected 'char *' but argument is of type 'u8 *'
ril/src/ril_mqtt.c:245: warning: pointer targets in passing argument 1 of 'Ql_strlen' differ in signedness
include/ql_stdlib.h:54: note: expected 'const char *' but argument is of type 'u8 *'
ril/src/ril_mqtt.c:245: warning: pointer targets in passing argument 1 of 'Ql_strncat' differ in signedness
include/ql_stdlib.h:50: note: expected 'char *' but argument is of type 'u8 *'
ril/src/ril_mqtt.c:245: warning: pointer targets in passing argument 2 of 'Ql_strncat' differ in signedness
include/ql_stdlib.h:50: note: expected 'const char *' but argument is of type 'u8 *'
ril/src/ril_mqtt.c:249: warning: pointer targets in passing argument 1 of 'Ql_sprintf' differ in signedness
ril/src/ril_mqtt.c:249: note: expected 'char *' but argument is of type 'u8 *'
ril/src/ril_mqtt.c:251: warning: pointer targets in passing argument 1 of 'Ql_strlen' differ in signedness
include/ql_stdlib.h:54: note: expected 'const char *' but argument is of type 'u8 *'
ril/src/ril_mqtt.c:251: warning: pointer targets in passing argument 1 of 'Ql_RIL_SendATCmd' differ in signedness
ril/inc/ril.h:187: note: expected 'char *' but argument is of type 'u8 *'
ril/src/ril_mqtt.c: In function 'ATResponse_QMTPUB_handler':
ril/src/ril_mqtt.c:302: warning: pointer targets in assignment differ in signedness
ril/src/ril_mqtt.c:309: warning: pointer targets in assignment differ in signedness
ril/src/ril_mqtt.c:314: warning: pointer targets in assignment differ in signedness
ril/src/ril_mqtt.c:319: warning: pointer targets in assignment differ in signedness
ril/src/ril_mqtt.c:299: warning: unused variable 'i'
- Building build/gcc/obj/custom/main.o
In file included from custom/main.c:20:
custom/dfota/inc/ril_flash.h:10: error: expected identifier or '(' before '{' token
custom/dfota/inc/ril_flash.h:13: warning: data definition has no type or storage class
custom/dfota/inc/ril_flash.h:13: warning: type defaults to 'int' in declaration of 'STORAGE_RESPONSE'
custom/main.c: In function 'checkConnectionStatus':
custom/main.c:479: warning: assignment makes pointer from integer without a cast
custom/main.c:493: warning: assignment makes pointer from integer without a cast
custom/main.c:507: warning: assignment makes pointer from integer without a cast
custom/main.c:521: warning: assignment makes pointer from integer without a cast
custom/main.c:535: warning: assignment makes pointer from integer without a cast
custom/main.c:548: warning: assignment makes pointer from integer without a cast
custom/main.c: In function 'CallBack_UART_Hdlr':
custom/main.c:619: warning: pointer targets in passing argument 1 of 'Ql_strstr' differ in signedness
include/ql_stdlib.h:55: note: expected 'const char *' but argument is of type 'u8 *'
custom/main.c:636: warning: pointer targets in passing argument 1 of 'Ql_strstr' differ in signedness
include/ql_stdlib.h:55: note: expected 'const char *' but argument is of type 'u8 *'
custom/main.c:653: warning: pointer targets in passing argument 1 of 'Ql_strstr' differ in signedness
include/ql_stdlib.h:55: note: expected 'const char *' but argument is of type 'u8 *'
custom/main.c: In function 'mqtt_recv':
custom/main.c:718: warning: pointer targets in passing argument 1 of 'Ql_strcmp' differ in signedness
include/ql_stdlib.h:51: note: expected 'const char *' but argument is of type 'u8 *'
custom/main.c:715: warning: unused variable 'payload'
custom/main.c: In function 'MqttCallback_Timer':
custom/main.c:852: warning: implicit declaration of function 'RIL_MQTT_QMTCFG_Showrecvlen'
custom/main.c:869: warning: pointer targets in passing argument 2 of 'RIL_MQTT_QMTOPEN' differ in signedness
ril/inc/ril_mqtt.h:167: note: expected 'u8 *' but argument is of type 'char *'
custom/main.c:905: warning: pointer targets in passing argument 1 of 'Ql_strlen' differ in signedness
include/ql_stdlib.h:54: note: expected 'const char *' but argument is of type 'u8 *'
custom/main.c:927: warning: pointer targets in passing argument 1 of 'Ql_strlen' differ in signedness
include/ql_stdlib.h:54: note: expected 'const char *' but argument is of type 'u8 *'
custom/main.c: In function 'publishMessage':
custom/main.c:955: warning: pointer targets in passing argument 1 of 'Ql_strlen' differ in signedness
include/ql_stdlib.h:54: note: expected 'const char *' but argument is of type 'u8 *'
custom/main.c: In function 'GNSS_Get_FixStatus_from_RMC':
custom/main.c:971: warning: pointer targets in initialization differ in signedness
custom/main.c:981: warning: pointer targets in passing argument 1 of 'Ql_strlen' differ in signedness
include/ql_stdlib.h:54: note: expected 'const char *' but argument is of type 'u8 *'
custom/main.c:972: warning: unused variable 'fixed'
custom/main.c: In function 'GnssCallback_Timer':
custom/main.c:1043: warning: implicit declaration of function 'RIL_GNSS_Open'
custom/main.c:1070: warning: implicit declaration of function 'RIL_GNSS_EPO_Config_APN'
custom/main.c:1105: warning: implicit declaration of function 'RIL_GNSS_AGPS'
custom/main.c:1119: warning: implicit declaration of function 'RIL_GNSS_AGPSAID'
custom/main.c:1132: warning: declaration of 'ret' shadows a previous local
custom/main.c:1036: warning: shadowed declaration is here
custom/main.c:1132: warning: implicit declaration of function 'RIL_GNSS_Read'
custom/main.c:1156: warning: pointer targets in passing argument 1 of 'Ql_strcmp' differ in signedness
include/ql_stdlib.h:51: note: expected 'const char *' but argument is of type 'u8 *'
custom/main.c:1156: warning: pointer targets in passing argument 2 of 'Ql_strcmp' differ in signedness
include/ql_stdlib.h:51: note: expected 'const char *' but argument is of type 'u8 *'
custom/main.c:1161: warning: pointer targets in passing argument 1 of 'Ql_strcpy' differ in signedness
include/ql_stdlib.h:47: note: expected 'char *' but argument is of type 'u8 *'
custom/main.c:1161: warning: pointer targets in passing argument 2 of 'Ql_strcpy' differ in signedness
include/ql_stdlib.h:47: note: expected 'const char *' but argument is of type 'u8 *'
custom/main.c:1163: warning: pointer targets in passing argument 1 of 'Ql_strlen' differ in signedness
include/ql_stdlib.h:54: note: expected 'const char *' but argument is of type 'u8 *'
custom/main.c: In function 'SMS_Initialize':
custom/main.c:1403: warning: unused variable 'nTotal'
custom/main.c:1402: warning: unused variable 'nUsed'
custom/main.c:1401: warning: unused variable 'nCurrStorage'
custom/main.c: In function 'SMS_TextMode_Read':
custom/main.c:1461: warning: unused variable 'pSubmitTextInfo'
custom/main.c: In function 'SMS_TextMode_Send':
custom/main.c:1554: warning: pointer targets in passing argument 4 of 'RIL_SMS_SendSMS_Text' differ in signedness
ril/inc/ril_sms.h:316: note: expected 'u8 *' but argument is of type 'char *'
custom/main.c:1545: warning: unused variable 'strConMsgChSeg3'
custom/main.c:1544: warning: unused variable 'strConMsgChSeg2'
custom/main.c:1543: warning: unused variable 'strConMsgChSeg1'
custom/main.c:1542: warning: unused variable 'strConMsgSeg4'
custom/main.c:1541: warning: unused variable 'strConMsgSeg3'
custom/main.c:1540: warning: unused variable 'strConMsgSeg2'
custom/main.c:1539: warning: unused variable 'strConMsgSeg1'
custom/main.c: In function 'Hdlr_RecvNewSMS':
custom/main.c:1804: warning: pointer targets in passing argument 2 of 'Ql_strcpy' differ in signedness
include/ql_stdlib.h:47: note: expected 'const char *' but argument is of type 'u8 *'
custom/main.c:1813: warning: unused variable 'count'
custom/main.c:1645: warning: unused variable 'aReplyCon'
custom/main.c:1640: warning: unused variable 'uMsgRef'
custom/main.c: In function 'loadConfig':
custom/main.c:1883: error: 'servefindIntervalMinrPort' undeclared (first use in this function)
custom/main.c:1883: error: (Each undeclared identifier is reported only once
custom/main.c:1883: error: for each function it appears in.)
custom/main.c:1886: error: 'peritripReportingodicFindMode' undeclared (first use in this function)
make/gcc/gcc_makefiledef:93: recipe for target 'build/gcc/obj/custom/main.o' failed
make: *** [build/gcc/obj/custom/main.o] Error 1
